Using pre-set license
Built from '2020.3/staging' branch; Version is '2020.3.38f1 (8f5fde82e2dc) revision 9396190'; Using compiler version '192528614'; Build Type 'Release'
OS: 'Windows 11  (10.0.22000) 64bit Core' Language: 'en' Physical Memory: 11976 MB
BatchMode: 1, IsHumanControllingUs: 0, StartBugReporterOnCrash: 0, Is64bit: 1, IsPro: 0

COMMAND LINE ARGUMENTS:
C:\Program Files\Unity\Hub\Editor\2020.3.38f1\Editor\Unity.exe
-adb2
-batchMode
-noUpm
-name
AssetImportWorker1
-projectPath
C:/Users/bryce/Documents/GitHub/Idle-Studios/373Game_Group2
-logFile
Logs/AssetImportWorker1.log
-srvPort
50689
Successfully changed project path to: C:/Users/bryce/Documents/GitHub/Idle-Studios/373Game_Group2
C:/Users/bryce/Documents/GitHub/Idle-Studios/373Game_Group2
Using Asset Import Pipeline V2.
Refreshing native plugins compatible for Editor in 76.53 ms, found 2 plugins.
Preloading 0 native plugins for Editor in 0.00 ms.
Initialize engine version: 2020.3.38f1 (8f5fde82e2dc)
[Subsystems] Discovering subsystems at path C:/Program Files/Unity/Hub/Editor/2020.3.38f1/Editor/Data/Resources/UnitySubsystems
[Subsystems] Discovering subsystems at path C:/Users/bryce/Documents/GitHub/Idle-Studios/373Game_Group2/Assets
GfxDevice: creating device client; threaded=0
Direct3D:
    Version:  Direct3D 11.0 [level 11.1]
    Renderer: Intel(R) UHD Graphics (ID=0x8a56)
    Vendor:   
    VRAM:     5988 MB
    Driver:   27.20.100.8853
Initialize mono
Mono path[0] = 'C:/Program Files/Unity/Hub/Editor/2020.3.38f1/Editor/Data/Managed'
Mono path[1] = 'C:/Program Files/Unity/Hub/Editor/2020.3.38f1/Editor/Data/MonoBleedingEdge/lib/mono/unityjit'
Mono config path = 'C:/Program Files/Unity/Hub/Editor/2020.3.38f1/Editor/Data/MonoBleedingEdge/etc'
Using monoOptions --debugger-agent=transport=dt_socket,embedding=1,server=y,suspend=n,address=127.0.0.1:56356
Begin MonoManager ReloadAssembly
Registering precompiled unity dll's ...
Register platform support module: C:/Program Files/Unity/Hub/Editor/2020.3.38f1/Editor/Data/PlaybackEngines/WindowsStandaloneSupport/UnityEditor.WindowsStandalone.Extensions.dll
Registered in 0.004790 seconds.
Native extension for WindowsStandalone target not found
Refreshing native plugins compatible for Editor in 118.40 ms, found 2 plugins.
Preloading 0 native plugins for Editor in 0.00 ms.
Mono: successfully reloaded assembly
- Completed reload, in  1.018 seconds
Domain Reload Profiling:
	ReloadAssembly (1018ms)
		BeginReloadAssembly (128ms)
			ExecutionOrderSort (0ms)
			DisableScriptedObjects (0ms)
			BackupInstance (0ms)
			ReleaseScriptingObjects (0ms)
			CreateAndSetChildDomain (2ms)
		EndReloadAssembly (701ms)
			LoadAssemblies (123ms)
			RebuildTransferFunctionScriptingTraits (0ms)
			SetupTypeCache (208ms)
			ReleaseScriptCaches (0ms)
			RebuildScriptCaches (71ms)
			SetupLoadedEditorAssemblies (298ms)
				LogAssemblyErrors (0ms)
				InitializePlatformSupportModulesInManaged (10ms)
				SetLoadedEditorAssemblies (1ms)
				RefreshPlugins (119ms)
				BeforeProcessingInitializeOnLoad (24ms)
				ProcessInitializeOnLoadAttributes (105ms)
				ProcessInitializeOnLoadMethodAttributes (39ms)
				AfterProcessingInitializeOnLoad (0ms)
				EditorAssembliesLoaded (0ms)
			ExecutionOrderSort2 (0ms)
			AwakeInstancesAfterBackupRestoration (0ms)
Platform modules already initialized, skipping
Registering precompiled user dll's ...
Registered in 0.003257 seconds.
Begin MonoManager ReloadAssembly
Native extension for WindowsStandalone target not found
Refreshing native plugins compatible for Editor in 97.02 ms, found 2 plugins.
Preloading 0 native plugins for Editor in 0.00 ms.
Mono: successfully reloaded assembly
- Completed reload, in  2.015 seconds
Domain Reload Profiling:
	ReloadAssembly (2017ms)
		BeginReloadAssembly (238ms)
			ExecutionOrderSort (0ms)
			DisableScriptedObjects (4ms)
			BackupInstance (0ms)
			ReleaseScriptingObjects (0ms)
			CreateAndSetChildDomain (35ms)
		EndReloadAssembly (1699ms)
			LoadAssemblies (157ms)
			RebuildTransferFunctionScriptingTraits (0ms)
			SetupTypeCache (450ms)
			ReleaseScriptCaches (0ms)
			RebuildScriptCaches (80ms)
			SetupLoadedEditorAssemblies (927ms)
				LogAssemblyErrors (0ms)
				InitializePlatformSupportModulesInManaged (6ms)
				SetLoadedEditorAssemblies (0ms)
				RefreshPlugins (97ms)
				BeforeProcessingInitializeOnLoad (106ms)
				ProcessInitializeOnLoadAttributes (694ms)
				ProcessInitializeOnLoadMethodAttributes (17ms)
				AfterProcessingInitializeOnLoad (6ms)
				EditorAssembliesLoaded (0ms)
			ExecutionOrderSort2 (0ms)
			AwakeInstancesAfterBackupRestoration (2ms)
Platform modules already initialized, skipping
========================================================================
Worker process is ready to serve import requests
Launched and connected shader compiler UnityShaderCompiler.exe after 0.09 seconds
Refreshing native plugins compatible for Editor in 0.96 ms, found 2 plugins.
Preloading 0 native plugins for Editor in 0.00 ms.
Unloading 3060 Unused Serialized files (Serialized files now loaded: 0)
System memory in use before: 149.9 MB.
System memory in use after: 150.1 MB.

Unloading 28 unused Assets to reduce memory usage. Loaded Objects now: 3521.
Total: 6.125500 ms (FindLiveObjects: 0.403100 ms CreateObjectMapping: 0.225300 ms MarkObjects: 5.258200 ms  DeleteObjects: 0.237000 ms)

AssetImportParameters requested are different than current active one (requested -> active):
  custom:framework-win-MediaFoundation: 216162199b28c13a410421893ffa2e32 -> 
  custom:video-decoder-ogg-theora: a1e56fd34408186e4bbccfd4996cb3dc -> 
  custom:container-muxer-webm: aa71ff27fc2769a1b78a27578f13a17b -> 
  custom:container-demuxer-webm: 4f35f7cbe854078d1ac9338744f61a02 -> 
  custom:container-demuxer-ogg: 62fdf1f143b41e24485cea50d1cbac27 -> 
  custom:video-encoder-webm-vp8: eb34c28f22e8b96e1ab97ce403110664 -> 
  custom:video-decoder-webm-vp8: 9c59270c3fd7afecdb556c50c9e8de78 -> 
  custom:audio-decoder-ogg-vorbis: bf7c407c2cedff20999df2af8eb42d56 -> 
  custom:audio-encoder-webm-vorbis: bf7c407c2cedff20999df2af8eb42d56 -> 
========================================================================
Received Import Request.
  path: Assets/Models/Pillars.fbx
  artifactKey: Guid(525600b2a054daa4ea133682cc4dda16) Importer(815301076,1909f56bfc062723c751e8b465ee728b)
Start importing Assets/Models/Pillars.fbx using Guid(525600b2a054daa4ea133682cc4dda16) Importer(815301076,1909f56bfc062723c751e8b465ee728b)  -> (artifact id: '82b78897f06a039b3306bf4f4fd45425') in 1.131292 seconds 
========================================================================
Received Import Request.
  Time since last request: 0.000333 seconds.
  path: Assets/Models/Junk Rocks.fbx
  artifactKey: Guid(a7d57d776e21dda43b8870902d19c94b) Importer(815301076,1909f56bfc062723c751e8b465ee728b)
Start importing Assets/Models/Junk Rocks.fbx using Guid(a7d57d776e21dda43b8870902d19c94b) Importer(815301076,1909f56bfc062723c751e8b465ee728b)  -> (artifact id: '3b42729ffd2c32b6e161d0a22a5ce5c6') in 0.696006 seconds 
========================================================================
Received Import Request.
  Time since last request: 116.779646 seconds.
  path: Assets/Materials/UV Set 2_Rock Junk_AlbedoTransparency.png
  artifactKey: Guid(2b647fb2a6e1aa544b0c5c94192ddae6) Importer(815301076,1909f56bfc062723c751e8b465ee728b)
Start importing Assets/Materials/UV Set 2_Rock Junk_AlbedoTransparency.png using Guid(2b647fb2a6e1aa544b0c5c94192ddae6) Importer(815301076,1909f56bfc062723c751e8b465ee728b)  -> (artifact id: '7d8adb4ae27b67d2fd40270778daf46e') in 0.091590 seconds 
========================================================================
Received Import Request.
  Time since last request: 0.000541 seconds.
  path: Assets/Materials/UV Set 2_Rock Junk_MetallicSmoothness.png
  artifactKey: Guid(b7c35b71666b7db48beff5be0b4c9635) Importer(815301076,1909f56bfc062723c751e8b465ee728b)
Start importing Assets/Materials/UV Set 2_Rock Junk_MetallicSmoothness.png using Guid(b7c35b71666b7db48beff5be0b4c9635) Importer(815301076,1909f56bfc062723c751e8b465ee728b)  -> (artifact id: 'b49f0426114fff26464bc31667895c2a') in 0.040783 seconds 
========================================================================
Received Import Request.
  Time since last request: 0.000724 seconds.
  path: Assets/Materials/UV Set 2_Rock Junk_Normal.png
  artifactKey: Guid(c75ee469b1fc66741bf133b1c9896aad) Importer(815301076,1909f56bfc062723c751e8b465ee728b)
Start importing Assets/Materials/UV Set 2_Rock Junk_Normal.png using Guid(c75ee469b1fc66741bf133b1c9896aad) Importer(815301076,1909f56bfc062723c751e8b465ee728b)  -> (artifact id: 'ad397269f7053af70f629448890b9711') in 0.042426 seconds 
========================================================================
Received Import Request.
  Time since last request: 0.000691 seconds.
  path: Assets/Materials/UV Set 2_Rock Junk_Emission.png
  artifactKey: Guid(cffe8f9ea66cc994ca7eaa27144fe224) Importer(815301076,1909f56bfc062723c751e8b465ee728b)
Start importing Assets/Materials/UV Set 2_Rock Junk_Emission.png using Guid(cffe8f9ea66cc994ca7eaa27144fe224) Importer(815301076,1909f56bfc062723c751e8b465ee728b)  -> (artifact id: 'ba949c1eeb5953f5d320d4ebc66e7d04') in 0.029445 seconds 
========================================================================
Received Import Request.
  Time since last request: 8.720274 seconds.
  path: Assets/Materials/UV Set 2_Rock Junk_Normal.png
  artifactKey: Guid(c75ee469b1fc66741bf133b1c9896aad) Importer(815301076,1909f56bfc062723c751e8b465ee728b)
Start importing Assets/Materials/UV Set 2_Rock Junk_Normal.png using Guid(c75ee469b1fc66741bf133b1c9896aad) Importer(815301076,1909f56bfc062723c751e8b465ee728b)  -> (artifact id: 'd5da5060d0d5e410c0a1bbef8003d65f') in 0.032558 seconds 
========================================================================
Received Import Request.
  Time since last request: 0.000840 seconds.
  path: Assets/Materials/UV Set 2_Rock Junk_MetallicSmoothness.png
  artifactKey: Guid(b7c35b71666b7db48beff5be0b4c9635) Importer(815301076,1909f56bfc062723c751e8b465ee728b)
Start importing Assets/Materials/UV Set 2_Rock Junk_MetallicSmoothness.png using Guid(b7c35b71666b7db48beff5be0b4c9635) Importer(815301076,1909f56bfc062723c751e8b465ee728b)  -> (artifact id: '5c629f975e377dba9fefc438fa28e798') in 0.048023 seconds 
========================================================================
Received Import Request.
  Time since last request: 0.000401 seconds.
  path: Assets/Materials/UV Set 2_Rock Junk_Emission.png
  artifactKey: Guid(cffe8f9ea66cc994ca7eaa27144fe224) Importer(815301076,1909f56bfc062723c751e8b465ee728b)
Start importing Assets/Materials/UV Set 2_Rock Junk_Emission.png using Guid(cffe8f9ea66cc994ca7eaa27144fe224) Importer(815301076,1909f56bfc062723c751e8b465ee728b)  -> (artifact id: '0593f81cabc3e2e5d6d87df51330c239') in 0.038642 seconds 
========================================================================
Received Import Request.
  Time since last request: 0.000593 seconds.
  path: Assets/Materials/UV Set 2_Rock Junk_AlbedoTransparency.png
  artifactKey: Guid(2b647fb2a6e1aa544b0c5c94192ddae6) Importer(815301076,1909f56bfc062723c751e8b465ee728b)
Start importing Assets/Materials/UV Set 2_Rock Junk_AlbedoTransparency.png using Guid(2b647fb2a6e1aa544b0c5c94192ddae6) Importer(815301076,1909f56bfc062723c751e8b465ee728b)  -> (artifact id: '4697c9b15990d7c5c18ca684e7be4e31') in 0.050639 seconds 
========================================================================
Received Import Request.
  Time since last request: 4.871800 seconds.
  path: Assets/Materials/UV Set 2_Rock Junk_Normal.png
  artifactKey: Guid(c75ee469b1fc66741bf133b1c9896aad) Importer(815301076,1909f56bfc062723c751e8b465ee728b)
Start importing Assets/Materials/UV Set 2_Rock Junk_Normal.png using Guid(c75ee469b1fc66741bf133b1c9896aad) Importer(815301076,1909f56bfc062723c751e8b465ee728b)  -> (artifact id: 'f22df2f0052dfc205726d62ae6bfa9a7') in 0.287711 seconds 
========================================================================
Received Import Request.
  Time since last request: 8.065272 seconds.
  path: Assets/Materials/Junk Rocks.mat
  artifactKey: Guid(b931d7fe3c622ae42b3bbdce1458c0c2) Importer(815301076,1909f56bfc062723c751e8b465ee728b)
Start importing Assets/Materials/Junk Rocks.mat using Guid(b931d7fe3c622ae42b3bbdce1458c0c2) Importer(815301076,1909f56bfc062723c751e8b465ee728b)  -> (artifact id: '2873d4c23dd4a7521335b2c260b4ea90') in 0.061107 seconds 
========================================================================
Received Import Request.
  Time since last request: 89.996540 seconds.
  path: Assets/Materials/Junk Rocks.mat
  artifactKey: Guid(b931d7fe3c622ae42b3bbdce1458c0c2) Importer(815301076,1909f56bfc062723c751e8b465ee728b)
Start importing Assets/Materials/Junk Rocks.mat using Guid(b931d7fe3c622ae42b3bbdce1458c0c2) Importer(815301076,1909f56bfc062723c751e8b465ee728b)  -> (artifact id: 'c8ce1ee6c8f60b660017b2cacc048f70') in 0.105418 seconds 
========================================================================
Received Import Request.
  Time since last request: 17.515997 seconds.
  path: Assets/Materials/Junk Rocks
  artifactKey: Guid(bf7009bb53154a047a9ab2b52c063f12) Importer(815301076,1909f56bfc062723c751e8b465ee728b)
Start importing Assets/Materials/Junk Rocks using Guid(bf7009bb53154a047a9ab2b52c063f12) Importer(815301076,1909f56bfc062723c751e8b465ee728b)  -> (artifact id: '82e11c8564448d237ce4b1786a973dce') in 0.008622 seconds 
========================================================================
Received Import Request.
  Time since last request: 6.772956 seconds.
  path: Assets/Materials/Junk Rocks 1.mat
  artifactKey: Guid(8877bffb128717a4fb342eccbe1ce132) Importer(815301076,1909f56bfc062723c751e8b465ee728b)
Start importing Assets/Materials/Junk Rocks 1.mat using Guid(8877bffb128717a4fb342eccbe1ce132) Importer(815301076,1909f56bfc062723c751e8b465ee728b)  -> (artifact id: 'f86120c5ecfa7ccf8fed1c64fca9c54d') in 0.082014 seconds 
========================================================================
Received Import Request.
  Time since last request: 0.000375 seconds.
  path: Assets/Materials/UV Set 2_Rock Junk_Emission 1.png
  artifactKey: Guid(f69a5ba54a4b3604d9c14e35cfa2113a) Importer(815301076,1909f56bfc062723c751e8b465ee728b)
Start importing Assets/Materials/UV Set 2_Rock Junk_Emission 1.png using Guid(f69a5ba54a4b3604d9c14e35cfa2113a) Importer(815301076,1909f56bfc062723c751e8b465ee728b)  -> (artifact id: '65995cfb185733d0099941cb88f33d90') in 0.053865 seconds 
========================================================================
Received Import Request.
  Time since last request: 0.000692 seconds.
  path: Assets/Materials/UV Set 2_Rock Junk_AlbedoTransparency 1.png
  artifactKey: Guid(99415b37abd9df64f8a7c2e80cf027e2) Importer(815301076,1909f56bfc062723c751e8b465ee728b)
Start importing Assets/Materials/UV Set 2_Rock Junk_AlbedoTransparency 1.png using Guid(99415b37abd9df64f8a7c2e80cf027e2) Importer(815301076,1909f56bfc062723c751e8b465ee728b)  -> (artifact id: '68df18b0657de6ae96b7d3fa67f47473') in 0.044684 seconds 
========================================================================
Received Import Request.
  Time since last request: 0.000686 seconds.
  path: Assets/Materials/UV Set 2_Rock Junk_MetallicSmoothness 1.png
  artifactKey: Guid(fc3bb0aa972cba14786e93283ae30472) Importer(815301076,1909f56bfc062723c751e8b465ee728b)
Start importing Assets/Materials/UV Set 2_Rock Junk_MetallicSmoothness 1.png using Guid(fc3bb0aa972cba14786e93283ae30472) Importer(815301076,1909f56bfc062723c751e8b465ee728b)  -> (artifact id: 'e740f6a38ba223118ac29a2488cb89ea') in 0.104014 seconds 
========================================================================
Received Import Request.
  Time since last request: 156.703477 seconds.
  path: Assets/Models/Statues Pillars.fbx
  artifactKey: Guid(525600b2a054daa4ea133682cc4dda16) Importer(815301076,1909f56bfc062723c751e8b465ee728b)
Start importing Assets/Models/Statues Pillars.fbx using Guid(525600b2a054daa4ea133682cc4dda16) Importer(815301076,1909f56bfc062723c751e8b465ee728b)  -> (artifact id: 'd6895f93e5cc52ce98c27507bf0f48a7') in 0.269112 seconds 
========================================================================
Received Import Request.
  Time since last request: 126.352825 seconds.
  path: Assets/Materials/UV Layout 1_Rock Pillars Statues_AlbedoTransparency.png
  artifactKey: Guid(9f2d47388bf7e214ea54edf2ca8737c9) Importer(815301076,1909f56bfc062723c751e8b465ee728b)
Start importing Assets/Materials/UV Layout 1_Rock Pillars Statues_AlbedoTransparency.png using Guid(9f2d47388bf7e214ea54edf2ca8737c9) Importer(815301076,1909f56bfc062723c751e8b465ee728b)  -> (artifact id: '1540c3d6e4bfaa9fbdceab6076e6b483') in 0.038852 seconds 
========================================================================
Received Import Request.
  Time since last request: 0.000456 seconds.
  path: Assets/Materials/UV Layout 1_Rock Pillars Statues_MetallicSmoothness.png
  artifactKey: Guid(aee0855c9bd3fd14a8357bb37481a0f1) Importer(815301076,1909f56bfc062723c751e8b465ee728b)
Start importing Assets/Materials/UV Layout 1_Rock Pillars Statues_MetallicSmoothness.png using Guid(aee0855c9bd3fd14a8357bb37481a0f1) Importer(815301076,1909f56bfc062723c751e8b465ee728b)  -> (artifact id: '4965120ebc1b709abeec6608cd894ce8') in 0.027841 seconds 
========================================================================
Received Import Request.
  Time since last request: 0.000903 seconds.
  path: Assets/Materials/UV Layout 1_Rock Pillars Statues_Normal.png
  artifactKey: Guid(5ff78a0785e259947a441d03597f7844) Importer(815301076,1909f56bfc062723c751e8b465ee728b)
Start importing Assets/Materials/UV Layout 1_Rock Pillars Statues_Normal.png using Guid(5ff78a0785e259947a441d03597f7844) Importer(815301076,1909f56bfc062723c751e8b465ee728b)  -> (artifact id: '7c7e34f8a5b4c553025809f70e4a00a1') in 0.033834 seconds 
========================================================================
Received Import Request.
  Time since last request: 0.000810 seconds.
  path: Assets/Materials/UV Layout 1_Rock Pillars Statues_Emission.png
  artifactKey: Guid(b913e70d83f91b94db833348a4dbc168) Importer(815301076,1909f56bfc062723c751e8b465ee728b)
Start importing Assets/Materials/UV Layout 1_Rock Pillars Statues_Emission.png using Guid(b913e70d83f91b94db833348a4dbc168) Importer(815301076,1909f56bfc062723c751e8b465ee728b)  -> (artifact id: 'e5ffd55265f72776b19a5b2d6754b16f') in 0.029506 seconds 
========================================================================
Received Import Request.
  Time since last request: 7.982213 seconds.
  path: Assets/Materials/UV Layout 1_Rock Pillars Statues_MetallicSmoothness.png
  artifactKey: Guid(aee0855c9bd3fd14a8357bb37481a0f1) Importer(815301076,1909f56bfc062723c751e8b465ee728b)
Start importing Assets/Materials/UV Layout 1_Rock Pillars Statues_MetallicSmoothness.png using Guid(aee0855c9bd3fd14a8357bb37481a0f1) Importer(815301076,1909f56bfc062723c751e8b465ee728b)  -> (artifact id: '03f35503ba20409dc4befbf48226d9f4') in 0.025031 seconds 
========================================================================
Received Import Request.
  Time since last request: 0.000579 seconds.
  path: Assets/Materials/UV Layout 1_Rock Pillars Statues_Normal.png
  artifactKey: Guid(5ff78a0785e259947a441d03597f7844) Importer(815301076,1909f56bfc062723c751e8b465ee728b)
Start importing Assets/Materials/UV Layout 1_Rock Pillars Statues_Normal.png using Guid(5ff78a0785e259947a441d03597f7844) Importer(815301076,1909f56bfc062723c751e8b465ee728b)  -> (artifact id: '235ed72f53e6bfe39e373834299a6c4a') in 0.055930 seconds 
========================================================================
Received Import Request.
  Time since last request: 0.000670 seconds.
  path: Assets/Materials/UV Layout 1_Rock Pillars Statues_AlbedoTransparency.png
  artifactKey: Guid(9f2d47388bf7e214ea54edf2ca8737c9) Importer(815301076,1909f56bfc062723c751e8b465ee728b)
Start importing Assets/Materials/UV Layout 1_Rock Pillars Statues_AlbedoTransparency.png using Guid(9f2d47388bf7e214ea54edf2ca8737c9) Importer(815301076,1909f56bfc062723c751e8b465ee728b)  -> (artifact id: '6142bba390627c7784367e48a3860b30') in 0.031765 seconds 
========================================================================
Received Import Request.
  Time since last request: 0.000462 seconds.
  path: Assets/Materials/UV Layout 1_Rock Pillars Statues_Emission.png
  artifactKey: Guid(b913e70d83f91b94db833348a4dbc168) Importer(815301076,1909f56bfc062723c751e8b465ee728b)
Start importing Assets/Materials/UV Layout 1_Rock Pillars Statues_Emission.png using Guid(b913e70d83f91b94db833348a4dbc168) Importer(815301076,1909f56bfc062723c751e8b465ee728b)  -> (artifact id: 'a3149d25a07c902942044e4be6bc9696') in 0.021354 seconds 
========================================================================
Received Import Request.
  Time since last request: 5.788452 seconds.
  path: Assets/Materials/UV Layout 1_Rock Pillars Statues_Normal.png
  artifactKey: Guid(5ff78a0785e259947a441d03597f7844) Importer(815301076,1909f56bfc062723c751e8b465ee728b)
Start importing Assets/Materials/UV Layout 1_Rock Pillars Statues_Normal.png using Guid(5ff78a0785e259947a441d03597f7844) Importer(815301076,1909f56bfc062723c751e8b465ee728b)  -> (artifact id: 'f2dfe0467d0fdf8700be43ed91508bad') in 0.033623 seconds 
========================================================================
Received Import Request.
  Time since last request: 10.199702 seconds.
  path: Assets/Materials/Statues Pillars.mat
  artifactKey: Guid(c2a9e2b2cc398794fa3a6e7cf95c5520) Importer(815301076,1909f56bfc062723c751e8b465ee728b)
Start importing Assets/Materials/Statues Pillars.mat using Guid(c2a9e2b2cc398794fa3a6e7cf95c5520) Importer(815301076,1909f56bfc062723c751e8b465ee728b)  -> (artifact id: '4a55d62c0c2656350532c8cdaeaf6b3d') in 0.032858 seconds 
========================================================================
Received Import Request.
  Time since last request: 45.974271 seconds.
  path: Assets/Materials/Statues Pillars.mat
  artifactKey: Guid(c2a9e2b2cc398794fa3a6e7cf95c5520) Importer(815301076,1909f56bfc062723c751e8b465ee728b)
Start importing Assets/Materials/Statues Pillars.mat using Guid(c2a9e2b2cc398794fa3a6e7cf95c5520) Importer(815301076,1909f56bfc062723c751e8b465ee728b)  -> (artifact id: 'ecdb803fc77965747d3cff6bbdf5c32b') in 0.055824 seconds 
========================================================================
Received Import Request.
  Time since last request: 9.508387 seconds.
  path: Assets/Materials/Statues Pillars
  artifactKey: Guid(9634e6767c2e7ac4fb932137fe5dd8e5) Importer(815301076,1909f56bfc062723c751e8b465ee728b)
Start importing Assets/Materials/Statues Pillars using Guid(9634e6767c2e7ac4fb932137fe5dd8e5) Importer(815301076,1909f56bfc062723c751e8b465ee728b)  -> (artifact id: 'de63065c8bb3733501958308f2ec42cc') in 0.006446 seconds 
========================================================================
Received Prepare
Registering precompiled user dll's ...
Registered in 0.006026 seconds.
Begin MonoManager ReloadAssembly
Native extension for WindowsStandalone target not found
Refreshing native plugins compatible for Editor in 1.12 ms, found 2 plugins.
Preloading 0 native plugins for Editor in 0.00 ms.
Mono: successfully reloaded assembly
- Completed reload, in  3.073 seconds
Domain Reload Profiling:
	ReloadAssembly (3074ms)
		BeginReloadAssembly (538ms)
			ExecutionOrderSort (0ms)
			DisableScriptedObjects (14ms)
			BackupInstance (0ms)
			ReleaseScriptingObjects (0ms)
			CreateAndSetChildDomain (237ms)
		EndReloadAssembly (2466ms)
			LoadAssemblies (240ms)
			RebuildTransferFunctionScriptingTraits (0ms)
			SetupTypeCache (895ms)
			ReleaseScriptCaches (1ms)
			RebuildScriptCaches (46ms)
			SetupLoadedEditorAssemblies (1181ms)
				LogAssemblyErrors (0ms)
				InitializePlatformSupportModulesInManaged (9ms)
				SetLoadedEditorAssemblies (1ms)
				RefreshPlugins (1ms)
				BeforeProcessingInitializeOnLoad (244ms)
				ProcessInitializeOnLoadAttributes (869ms)
				ProcessInitializeOnLoadMethodAttributes (39ms)
				AfterProcessingInitializeOnLoad (16ms)
				EditorAssembliesLoaded (1ms)
			ExecutionOrderSort2 (0ms)
			AwakeInstancesAfterBackupRestoration (39ms)
Platform modules already initialized, skipping
